Start testing: Jul 31 01:40 UTC
----------------------------------------------------------
1/1 Testing: gtest_example
1/1 Test: gtest_example
Command: "/workspaces/Test/build/gtest_example"
Directory: /workspaces/Test/build
"gtest_example" start time: Jul 31 01:40 UTC
Output:
----------------------------------------------------------
Running main() from /croot/yaml-cpp-split_1714510678659/work/test/gtest-1.11.0/googletest/src/gtest_main.cc
[==========] Running 9 tests from 3 test suites.
[----------] Global test environment set-up.
[----------] 2 tests from CCalculatorTest
[ RUN      ] CCalculatorTest.AddTwoNumbers
[       OK ] CCalculatorTest.AddTwoNumbers (0 ms)
[ RUN      ] CCalculatorTest.SubtractTwoNumbers
[       OK ] CCalculatorTest.SubtractTwoNumbers (0 ms)
[----------] 2 tests from CCalculatorTest (0 ms total)

[----------] 3 tests from CalculatorTest
[ RUN      ] CalculatorTest.AddTwoNumbers
[       OK ] CalculatorTest.AddTwoNumbers (0 ms)
[ RUN      ] CalculatorTest.SubtractTwoNumbers
[       OK ] CalculatorTest.SubtractTwoNumbers (0 ms)
[ RUN      ] CalculatorTest.ValueState
[       OK ] CalculatorTest.ValueState (0 ms)
[----------] 3 tests from CalculatorTest (0 ms total)

[----------] 4 tests from FizzBuzzTest
[ RUN      ] FizzBuzzTest.ReturnsNumberWhenNotDivisibleByThreeOrFive
[       OK ] FizzBuzzTest.ReturnsNumberWhenNotDivisibleByThreeOrFive (0 ms)
[ RUN      ] FizzBuzzTest.ReturnsFizzForMultiplesOfThree
[       OK ] FizzBuzzTest.ReturnsFizzForMultiplesOfThree (0 ms)
[ RUN      ] FizzBuzzTest.ReturnsBuzzForMultiplesOfFive
[       OK ] FizzBuzzTest.ReturnsBuzzForMultiplesOfFive (0 ms)
[ RUN      ] FizzBuzzTest.ReturnsFizzBuzzForMultiplesOfFifteen
[       OK ] FizzBuzzTest.ReturnsFizzBuzzForMultiplesOfFifteen (0 ms)
[----------] 4 tests from FizzBuzzTest (0 ms total)

[----------] Global test environment tear-down
[==========] 9 tests from 3 test suites ran. (0 ms total)
[  PASSED  ] 9 tests.
<end of output>
Test time =   0.00 sec
----------------------------------------------------------
Test Passed.
"gtest_example" end time: Jul 31 01:40 UTC
"gtest_example" time elapsed: 00:00:00
----------------------------------------------------------

End testing: Jul 31 01:40 UTC
