TN:
SF:/opt/conda/include/gtest/gtest-message.h
FNF:0
FNH:0
LF:0
LH:0
end_of_record
TN:
SF:/opt/conda/include/gtest/gtest-printers.h
FN:1016,1020,_ZN7testing13PrintToStringIiEENSt7__cxx1112basic_stringIcSt11char_traitsIcESaIcEEERKT_
FN:212,216,_ZN7testing8internal52internal_stream_operator_without_lexical_name_lookup13StreamPrinter10PrintValueIivRSoEEvRKT_PSo
FN:306,313,_ZN7testing8internal17PrintWithFallbackIiEEvRKT_PSo
FN:333,335,_ZN7testing8internal19FormatForComparisonIiiE6FormatB5cxx11ERKi
FN:413,416,_ZN7testing8internal33FormatForComparisonFailureMessageIiiEENSt7__cxx1112basic_stringIcSt11char_traitsIcESaIcEEERKT_RKT0_
FN:440,442,_ZN7testing8internal7PrintToIiEEvRKT_PSo
FN:682,692,_ZN7testing8internal16UniversalPrinterIiE5PrintERKiPSo
FN:864,866,_ZN7testing8internal21UniversalTersePrinterIiE5PrintERKiPSo
FN:976,981,_ZN7testing8internal14UniversalPrintIiEEvRKT_PSo
FNDA:0,_ZN7testing13PrintToStringIiEENSt7__cxx1112basic_stringIcSt11char_traitsIcESaIcEEERKT_
FNDA:0,_ZN7testing8internal52internal_stream_operator_without_lexical_name_lookup13StreamPrinter10PrintValueIivRSoEEvRKT_PSo
FNDA:0,_ZN7testing8internal17PrintWithFallbackIiEEvRKT_PSo
FNDA:0,_ZN7testing8internal19FormatForComparisonIiiE6FormatB5cxx11ERKi
FNDA:0,_ZN7testing8internal33FormatForComparisonFailureMessageIiiEENSt7__cxx1112basic_stringIcSt11char_traitsIcESaIcEEERKT_RKT0_
FNDA:0,_ZN7testing8internal7PrintToIiEEvRKT_PSo
FNDA:0,_ZN7testing8internal16UniversalPrinterIiE5PrintERKiPSo
FNDA:0,_ZN7testing8internal21UniversalTersePrinterIiE5PrintERKiPSo
FNDA:0,_ZN7testing8internal14UniversalPrintIiEEvRKT_PSo
FNF:9
FNH:0
BRDA:1017,0,0,-
BRDA:1017,e0,1,-
BRDA:1018,0,0,-
BRDA:1018,e0,1,-
BRDA:1019,0,0,-
BRDA:1019,e0,1,-
BRF:6
BRH:0
DA:212,0
DA:215,0
DA:216,0
DA:306,0
DA:312,0
DA:313,0
DA:333,0
DA:334,0
DA:413,0
DA:415,0
DA:440,0
DA:441,0
DA:442,0
DA:682,0
DA:691,0
DA:692,0
DA:864,0
DA:865,0
DA:866,0
DA:976,0
DA:980,0
DA:981,0
DA:1016,0
DA:1017,0
DA:1018,0
DA:1019,0
DA:1020,0
LF:27
LH:0
end_of_record
TN:
SF:/opt/conda/include/gtest/gtest.h
FN:1522,1530,_ZN7testing8internal18CmpHelperEQFailureIiiEENS_15AssertionResultEPKcS4_RKT_RKT0_
FN:1541,1550,_ZN7testing8internal11CmpHelperEQIiiEENS_15AssertionResultEPKcS4_RKT_RKT0_
FN:1561,1565,_ZN7testing8internal8EqHelper7CompareIiiLPv0EEENS_15AssertionResultEPKcS6_RKT_RKT0_
FN:324,324,_ZNK7testing15AssertionResultcvbEv
FN:333,335,_ZNK7testing15AssertionResult7messageEv
FN:337,337,_ZNK7testing15AssertionResult15failure_messageEv
FN:427,427,_ZN7testing4Test14SetUpTestSuiteEv
FN:435,435,_ZN7testing4Test17TearDownTestSuiteEv
FN:440,440,_ZN7testing4Test16TearDownTestCaseEv
FN:441,441,_ZN7testing4Test13SetUpTestCaseEv
FN:522,522,_ZN7testing4Test5SetupEv
FNDA:0,_ZN7testing8internal18CmpHelperEQFailureIiiEENS_15AssertionResultEPKcS4_RKT_RKT0_
FNDA:13,_ZN7testing8internal11CmpHelperEQIiiEENS_15AssertionResultEPKcS4_RKT_RKT0_
FNDA:13,_ZN7testing8internal8EqHelper7CompareIiiLPv0EEENS_15AssertionResultEPKcS6_RKT_RKT0_
FNDA:13,_ZNK7testing15AssertionResultcvbEv
FNDA:0,_ZNK7testing15AssertionResult7messageEv
FNDA:0,_ZNK7testing15AssertionResult15failure_messageEv
FNDA:0,_ZN7testing4Test14SetUpTestSuiteEv
FNDA:0,_ZN7testing4Test17TearDownTestSuiteEv
FNDA:0,_ZN7testing4Test16TearDownTestCaseEv
FNDA:0,_ZN7testing4Test13SetUpTestCaseEv
FNDA:0,_ZN7testing4Test5SetupEv
FNF:11
FNH:3
BRDA:334,0,0,-
BRDA:334,0,1,-
BRDA:1529,0,0,-
BRDA:1529,e0,1,-
BRDA:1529,0,2,-
BRDA:1529,e0,3,-
BRDA:1529,0,4,-
BRDA:1529,e0,5,-
BRDA:1545,0,0,13
BRDA:1545,0,1,0
BRF:10
BRH:1
DA:324,13
DA:333,0
DA:334,0
DA:337,0
DA:427,0
DA:435,0
DA:440,0
DA:441,0
DA:522,0
DA:1522,0
DA:1529,0
DA:1541,13
DA:1545,13
DA:1546,13
DA:1549,0
DA:1561,13
DA:1564,13
LF:17
LH:6
end_of_record
TN:
SF:/opt/conda/include/gtest/internal/gtest-internal.h
FN:454,454,_ZN7testing8internal15TestFactoryBaseD0Ev
FN:454,454,_ZN7testing8internal15TestFactoryBaseD2Ev
FN:461,461,_ZN7testing8internal15TestFactoryBaseC2Ev
FN:472,472,_ZN7testing8internal15TestFactoryImplI30CalculatorTest_ValueState_TestE10CreateTestEv
FN:472,472,_ZN7testing8internal15TestFactoryImplI33CalculatorTest_AddTwoNumbers_TestE10CreateTestEv
FN:472,472,_ZN7testing8internal15TestFactoryImplI34CCalculatorTest_AddTwoNumbers_TestE10CreateTestEv
FN:472,472,_ZN7testing8internal15TestFactoryImplI38CalculatorTest_SubtractTwoNumbers_TestE10CreateTestEv
FN:472,472,_ZN7testing8internal15TestFactoryImplI39CCalculatorTest_SubtractTwoNumbers_TestE10CreateTestEv
FN:472,472,_ZN7testing8internal15TestFactoryImplI47FizzBuzzTest_ReturnsBuzzForMultiplesOfFive_TestE10CreateTestEv
FN:472,472,_ZN7testing8internal15TestFactoryImplI48FizzBuzzTest_ReturnsFizzForMultiplesOfThree_TestE10CreateTestEv
FN:472,472,_ZN7testing8internal15TestFactoryImplI54FizzBuzzTest_ReturnsFizzBuzzForMultiplesOfFifteen_TestE10CreateTestEv
FN:472,472,_ZN7testing8internal15TestFactoryImplI60FizzBuzzTest_ReturnsNumberWhenNotDivisibleByThreeOrFive_TestE10CreateTestEv
FN:493,494,_ZN7testing8internal12CodeLocationC2ERKNSt7__cxx1112basic_stringIcSt11char_traitsIcESaIcEEEi
FN:506,509,_ZN7testing8internal19GetNotDefaultOrNullEPFvvES2_
FN:521,540,_ZN7testing8internal16SuiteApiResolverINS_4TestEE19GetSetUpCaseOrSuiteEPKci
FN:542,561,_ZN7testing8internal16SuiteApiResolverINS_4TestEE22GetTearDownCaseOrSuiteEPKci
FNDA:0,_ZN7testing8internal15TestFactoryBaseD0Ev
FNDA:9,_ZN7testing8internal15TestFactoryBaseD2Ev
FNDA:9,_ZN7testing8internal15TestFactoryBaseC2Ev
FNDA:1,_ZN7testing8internal15TestFactoryImplI30CalculatorTest_ValueState_TestE10CreateTestEv
FNDA:1,_ZN7testing8internal15TestFactoryImplI33CalculatorTest_AddTwoNumbers_TestE10CreateTestEv
FNDA:1,_ZN7testing8internal15TestFactoryImplI34CCalculatorTest_AddTwoNumbers_TestE10CreateTestEv
FNDA:1,_ZN7testing8internal15TestFactoryImplI38CalculatorTest_SubtractTwoNumbers_TestE10CreateTestEv
FNDA:1,_ZN7testing8internal15TestFactoryImplI39CCalculatorTest_SubtractTwoNumbers_TestE10CreateTestEv
FNDA:1,_ZN7testing8internal15TestFactoryImplI47FizzBuzzTest_ReturnsBuzzForMultiplesOfFive_TestE10CreateTestEv
FNDA:1,_ZN7testing8internal15TestFactoryImplI48FizzBuzzTest_ReturnsFizzForMultiplesOfThree_TestE10CreateTestEv
FNDA:1,_ZN7testing8internal15TestFactoryImplI54FizzBuzzTest_ReturnsFizzBuzzForMultiplesOfFifteen_TestE10CreateTestEv
FNDA:1,_ZN7testing8internal15TestFactoryImplI60FizzBuzzTest_ReturnsNumberWhenNotDivisibleByThreeOrFive_TestE10CreateTestEv
FNDA:9,_ZN7testing8internal12CodeLocationC2ERKNSt7__cxx1112basic_stringIcSt11char_traitsIcESaIcEEEi
FNDA:36,_ZN7testing8internal19GetNotDefaultOrNullEPFvvES2_
FNDA:9,_ZN7testing8internal16SuiteApiResolverINS_4TestEE19GetSetUpCaseOrSuiteEPKci
FNDA:9,_ZN7testing8internal16SuiteApiResolverINS_4TestEE22GetTearDownCaseOrSuiteEPKci
FNF:16
FNH:15
BRDA:472,0,0,9
BRDA:472,e0,1,0
BRDA:472,0,2,0
BRDA:472,0,3,0
BRDA:508,0,0,0
BRDA:508,0,1,36
BRDA:529,0,0,0
BRDA:529,0,1,9
BRDA:529,0,2,0
BRDA:529,0,3,0
BRDA:529,0,4,0
BRDA:529,0,5,9
BRDA:529,0,6,0
BRDA:529,e0,7,0
BRDA:532,0,0,-
BRDA:532,e0,1,-
BRDA:532,0,2,-
BRDA:532,e0,3,-
BRDA:532,0,4,-
BRDA:532,e0,5,-
BRDA:532,0,6,-
BRDA:532,e0,7,-
BRDA:532,0,8,-
BRDA:532,e0,9,-
BRDA:534,0,0,0
BRDA:534,0,1,9
BRDA:550,0,0,0
BRDA:550,0,1,9
BRDA:550,0,2,0
BRDA:550,0,3,0
BRDA:550,0,4,0
BRDA:550,0,5,9
BRDA:550,0,6,0
BRDA:550,e0,7,0
BRDA:553,0,0,-
BRDA:553,e0,1,-
BRDA:553,0,2,-
BRDA:553,e0,3,-
BRDA:553,0,4,-
BRDA:553,e0,5,-
BRDA:553,0,6,-
BRDA:553,e0,7,-
BRDA:553,0,8,-
BRDA:553,e0,9,-
BRDA:555,0,0,0
BRDA:555,0,1,9
BRF:46
BRH:8
DA:454,9
DA:461,9
DA:472,9
DA:493,9
DA:494,9
DA:506,36
DA:508,36
DA:521,9
DA:525,9
DA:527,9
DA:529,9
DA:532,0
DA:534,9
DA:542,9
DA:546,9
DA:548,9
DA:550,9
DA:553,0
DA:555,9
LF:19
LH:17
end_of_record
TN:
SF:/opt/conda/include/gtest/internal/gtest-port.h
FN:974,974,_ZN7testing8internal8GTestLog9GetStreamEv
FNDA:0,_ZN7testing8internal8GTestLog9GetStreamEv
FNF:1
FNH:0
DA:974,0
LF:1
LH:0
end_of_record
TN:
SF:/usr/include/c++/13/bits/allocator.h
FNF:0
FNH:0
LF:0
LH:0
end_of_record
TN:
SF:/usr/include/c++/13/bits/basic_string.h
FN:641,650,_ZNSt7__cxx1112basic_stringIcSt11char_traitsIcESaIcEEC2IS3_EEPKcRKS3_
FNDA:9,_ZNSt7__cxx1112basic_stringIcSt11char_traitsIcESaIcEEC2IS3_EEPKcRKS3_
FNF:1
FNH:1
BRDA:645,0,0,0
BRDA:645,0,1,9
BRDA:648,0,0,9
BRDA:648,e0,1,0
BRDA:649,0,0,9
BRDA:649,e0,1,0
BRF:6
BRH:3
DA:355,0
DA:641,9
DA:642,9
DA:645,9
DA:646,0
DA:648,9
DA:649,9
DA:650,9
LF:8
LH:6
end_of_record
TN:
SF:/usr/include/c++/13/bits/basic_string.tcc
FN:221,252,_ZNSt7__cxx1112basic_stringIcSt11char_traitsIcESaIcEE12_M_constructIPKcEEvT_S8_St20forward_iterator_tag
FN:221,252,_ZNSt7__cxx1112basic_stringIcSt11char_traitsIcESaIcEE12_M_constructIPcEEvT_S7_St20forward_iterator_tag
FN:239,239,_ZZNSt7__cxx1112basic_stringIcSt11char_traitsIcESaIcEE12_M_constructIPKcEEvT_S8_St20forward_iterator_tagEN6_GuardC2EPS4_
FN:239,239,_ZZNSt7__cxx1112basic_stringIcSt11char_traitsIcESaIcEE12_M_constructIPcEEvT_S7_St20forward_iterator_tagEN6_GuardC2EPS4_
FN:242,242,_ZZNSt7__cxx1112basic_stringIcSt11char_traitsIcESaIcEE12_M_constructIPKcEEvT_S8_St20forward_iterator_tagEN6_GuardD2Ev
FN:242,242,_ZZNSt7__cxx1112basic_stringIcSt11char_traitsIcESaIcEE12_M_constructIPcEEvT_S7_St20forward_iterator_tagEN6_GuardD2Ev
FNDA:9,_ZNSt7__cxx1112basic_stringIcSt11char_traitsIcESaIcEE12_M_constructIPKcEEvT_S8_St20forward_iterator_tag
FNDA:0,_ZNSt7__cxx1112basic_stringIcSt11char_traitsIcESaIcEE12_M_constructIPcEEvT_S7_St20forward_iterator_tag
FNDA:9,_ZZNSt7__cxx1112basic_stringIcSt11char_traitsIcESaIcEE12_M_constructIPKcEEvT_S8_St20forward_iterator_tagEN6_GuardC2EPS4_
FNDA:0,_ZZNSt7__cxx1112basic_stringIcSt11char_traitsIcESaIcEE12_M_constructIPcEEvT_S7_St20forward_iterator_tagEN6_GuardC2EPS4_
FNDA:9,_ZZNSt7__cxx1112basic_stringIcSt11char_traitsIcESaIcEE12_M_constructIPKcEEvT_S8_St20forward_iterator_tagEN6_GuardD2Ev
FNDA:0,_ZZNSt7__cxx1112basic_stringIcSt11char_traitsIcESaIcEE12_M_constructIPcEEvT_S7_St20forward_iterator_tagEN6_GuardD2Ev
FNF:6
FNH:3
BRDA:227,0,0,9
BRDA:227,0,1,0
BRDA:229,0,0,9
BRDA:229,e0,1,0
BRDA:242,0,0,0
BRDA:242,0,1,9
BRF:6
BRH:3
DA:221,9
DA:225,9
DA:227,9
DA:229,9
DA:230,9
DA:239,9
DA:242,9
DA:245,9
DA:247,9
DA:249,9
DA:251,9
DA:252,9
LF:12
LH:12
end_of_record
TN:
SF:/usr/include/c++/13/bits/char_traits.h
FN:136,137,_ZN9__gnu_cxx11char_traitsIcE2eqERKcS3_
FN:199,206,_ZN9__gnu_cxx11char_traitsIcE6lengthEPKc
FN:393,400,_ZNSt11char_traitsIcE6lengthEPKc
FNDA:0,_ZN9__gnu_cxx11char_traitsIcE2eqERKcS3_
FNDA:0,_ZN9__gnu_cxx11char_traitsIcE6lengthEPKc
FNDA:9,_ZNSt11char_traitsIcE6lengthEPKc
FNF:3
FNH:1
BRDA:203,0,0,-
BRDA:203,0,1,-
BRDA:396,0,0,0
BRDA:396,0,1,9
BRF:4
BRH:1
DA:136,0
DA:137,0
DA:199,0
DA:202,0
DA:203,0
DA:204,0
DA:205,0
DA:393,9
DA:396,9
DA:397,0
DA:399,9
LF:11
LH:3
end_of_record
TN:
SF:/usr/include/c++/13/bits/move.h
FN:97,98,_ZSt4moveIRPNSt7__cxx1112basic_stringIcSt11char_traitsIcESaIcEEEEONSt16remove_referenceIT_E4typeEOS9_
FN:97,98,_ZSt4moveIRPNSt7__cxx1118basic_stringstreamIcSt11char_traitsIcESaIcEEEEONSt16remove_referenceIT_E4typeEOS9_
FN:97,98,_ZSt4moveIRSaIcEEONSt16remove_referenceIT_E4typeEOS3_
FNDA:0,_ZSt4moveIRPNSt7__cxx1112basic_stringIcSt11char_traitsIcESaIcEEEEONSt16remove_referenceIT_E4typeEOS9_
FNDA:0,_ZSt4moveIRPNSt7__cxx1118basic_stringstreamIcSt11char_traitsIcESaIcEEEEONSt16remove_referenceIT_E4typeEOS9_
FNDA:0,_ZSt4moveIRSaIcEEONSt16remove_referenceIT_E4typeEOS3_
FNF:3
FNH:0
DA:97,0
DA:98,0
LF:2
LH:0
end_of_record
TN:
SF:/usr/include/c++/13/bits/new_allocator.h
FN:104,104,_ZNSt15__new_allocatorIcED2Ev
FNDA:9,_ZNSt15__new_allocatorIcED2Ev
FNF:1
FNH:1
DA:104,9
LF:1
LH:1
end_of_record
TN:
SF:/usr/include/c++/13/bits/stl_iterator_base_funcs.h
FNF:0
FNH:0
DA:106,9
DA:151,18
DA:152,18
LF:3
LH:3
end_of_record
TN:
SF:/usr/include/c++/13/bits/stl_iterator_base_types.h
FNF:0
FNH:0
DA:240,9
LF:1
LH:1
end_of_record
TN:
SF:/usr/include/c++/13/bits/unique_ptr.h
FN:197,197,_ZNSt15__uniq_ptr_implINSt7__cxx1112basic_stringIcSt11char_traitsIcESaIcEEESt14default_deleteIS5_EE6_M_ptrEv
FN:197,197,_ZNSt15__uniq_ptr_implINSt7__cxx1118basic_stringstreamIcSt11char_traitsIcESaIcEEESt14default_deleteIS5_EE6_M_ptrEv
FN:199,199,_ZNKSt15__uniq_ptr_implINSt7__cxx1112basic_stringIcSt11char_traitsIcESaIcEEESt14default_deleteIS5_EE6_M_ptrEv
FN:201,201,_ZNSt15__uniq_ptr_implINSt7__cxx1112basic_stringIcSt11char_traitsIcESaIcEEESt14default_deleteIS5_EE10_M_deleterEv
FN:201,201,_ZNSt15__uniq_ptr_implINSt7__cxx1118basic_stringstreamIcSt11char_traitsIcESaIcEEESt14default_deleteIS5_EE10_M_deleterEv
FN:398,406,_ZNSt10unique_ptrINSt7__cxx1112basic_stringIcSt11char_traitsIcESaIcEEESt14default_deleteIS5_EED2Ev
FN:398,406,_ZNSt10unique_ptrINSt7__cxx1118basic_stringstreamIcSt11char_traitsIcESaIcEEESt14default_deleteIS5_EED2Ev
FN:460,464,_ZNKSt10unique_ptrINSt7__cxx1112basic_stringIcSt11char_traitsIcESaIcEEESt14default_deleteIS5_EEptEv
FN:469,470,_ZNKSt10unique_ptrINSt7__cxx1112basic_stringIcSt11char_traitsIcESaIcEEESt14default_deleteIS5_EE3getEv
FN:475,476,_ZNSt10unique_ptrINSt7__cxx1112basic_stringIcSt11char_traitsIcESaIcEEESt14default_deleteIS5_EE11get_deleterEv
FN:475,476,_ZNSt10unique_ptrINSt7__cxx1118basic_stringstreamIcSt11char_traitsIcESaIcEEESt14default_deleteIS5_EE11get_deleterEv
FN:93,100,_ZNKSt14default_deleteINSt7__cxx1112basic_stringIcSt11char_traitsIcESaIcEEEEclEPS5_
FN:93,100,_ZNKSt14default_deleteINSt7__cxx1118basic_stringstreamIcSt11char_traitsIcESaIcEEEEclEPS5_
FNDA:13,_ZNSt15__uniq_ptr_implINSt7__cxx1112basic_stringIcSt11char_traitsIcESaIcEEESt14default_deleteIS5_EE6_M_ptrEv
FNDA:0,_ZNSt15__uniq_ptr_implINSt7__cxx1118basic_stringstreamIcSt11char_traitsIcESaIcEEESt14default_deleteIS5_EE6_M_ptrEv
FNDA:0,_ZNKSt15__uniq_ptr_implINSt7__cxx1112basic_stringIcSt11char_traitsIcESaIcEEESt14default_deleteIS5_EE6_M_ptrEv
FNDA:0,_ZNSt15__uniq_ptr_implINSt7__cxx1112basic_stringIcSt11char_traitsIcESaIcEEESt14default_deleteIS5_EE10_M_deleterEv
FNDA:0,_ZNSt15__uniq_ptr_implINSt7__cxx1118basic_stringstreamIcSt11char_traitsIcESaIcEEESt14default_deleteIS5_EE10_M_deleterEv
FNDA:13,_ZNSt10unique_ptrINSt7__cxx1112basic_stringIcSt11char_traitsIcESaIcEEESt14default_deleteIS5_EED2Ev
FNDA:0,_ZNSt10unique_ptrINSt7__cxx1118basic_stringstreamIcSt11char_traitsIcESaIcEEESt14default_deleteIS5_EED2Ev
FNDA:0,_ZNKSt10unique_ptrINSt7__cxx1112basic_stringIcSt11char_traitsIcESaIcEEESt14default_deleteIS5_EEptEv
FNDA:0,_ZNKSt10unique_ptrINSt7__cxx1112basic_stringIcSt11char_traitsIcESaIcEEESt14default_deleteIS5_EE3getEv
FNDA:0,_ZNSt10unique_ptrINSt7__cxx1112basic_stringIcSt11char_traitsIcESaIcEEESt14default_deleteIS5_EE11get_deleterEv
FNDA:0,_ZNSt10unique_ptrINSt7__cxx1118basic_stringstreamIcSt11char_traitsIcESaIcEEESt14default_deleteIS5_EE11get_deleterEv
FNDA:0,_ZNKSt14default_deleteINSt7__cxx1112basic_stringIcSt11char_traitsIcESaIcEEEEclEPS5_
FNDA:0,_ZNKSt14default_deleteINSt7__cxx1118basic_stringstreamIcSt11char_traitsIcESaIcEEEEclEPS5_
FNF:13
FNH:2
BRDA:99,0,0,-
BRDA:99,0,1,-
BRDA:403,0,0,0
BRDA:403,0,1,13
BRF:4
BRH:1
DA:93,0
DA:99,0
DA:100,0
DA:197,13
DA:199,0
DA:201,0
DA:398,13
DA:402,13
DA:403,13
DA:404,0
DA:405,13
DA:406,13
DA:460,0
DA:463,0
DA:469,0
DA:470,0
DA:475,0
DA:476,0
LF:18
LH:6
end_of_record
TN:
SF:/usr/include/c++/13/tuple
FN:125,125,_ZNSt10_Head_baseILm1ESt14default_deleteINSt7__cxx1112basic_stringIcSt11char_traitsIcESaIcEEEELb1EE7_M_headERS8_
FN:125,125,_ZNSt10_Head_baseILm1ESt14default_deleteINSt7__cxx1118basic_stringstreamIcSt11char_traitsIcESaIcEEEELb1EE7_M_headERS8_
FN:1787,1788,_ZSt12__get_helperILm0EPNSt7__cxx1112basic_stringIcSt11char_traitsIcESaIcEEEJSt14default_deleteIS5_EEERT0_RSt11_Tuple_implIXT_EJS9_DpT1_EE
FN:1787,1788,_ZSt12__get_helperILm0EPNSt7__cxx1118basic_stringstreamIcSt11char_traitsIcESaIcEEEJSt14default_deleteIS5_EEERT0_RSt11_Tuple_implIXT_EJS9_DpT1_EE
FN:1787,1788,_ZSt12__get_helperILm1ESt14default_deleteINSt7__cxx1112basic_stringIcSt11char_traitsIcESaIcEEEEJEERT0_RSt11_Tuple_implIXT_EJS8_DpT1_EE
FN:1787,1788,_ZSt12__get_helperILm1ESt14default_deleteINSt7__cxx1118basic_stringstreamIcSt11char_traitsIcESaIcEEEEJEERT0_RSt11_Tuple_implIXT_EJS8_DpT1_EE
FN:1792,1793,_ZSt12__get_helperILm0EPNSt7__cxx1112basic_stringIcSt11char_traitsIcESaIcEEEJSt14default_deleteIS5_EEERKT0_RKSt11_Tuple_implIXT_EJS9_DpT1_EE
FN:1803,1804,_ZSt3getILm0EJPNSt7__cxx1112basic_stringIcSt11char_traitsIcESaIcEEESt14default_deleteIS5_EEERNSt13tuple_elementIXT_ESt5tupleIJDpT0_EEE4typeERSD_
FN:1803,1804,_ZSt3getILm0EJPNSt7__cxx1118basic_stringstreamIcSt11char_traitsIcESaIcEEESt14default_deleteIS5_EEERNSt13tuple_elementIXT_ESt5tupleIJDpT0_EEE4typeERSD_
FN:1803,1804,_ZSt3getILm1EJPNSt7__cxx1112basic_stringIcSt11char_traitsIcESaIcEEESt14default_deleteIS5_EEERNSt13tuple_elementIXT_ESt5tupleIJDpT0_EEE4typeERSD_
FN:1803,1804,_ZSt3getILm1EJPNSt7__cxx1118basic_stringstreamIcSt11char_traitsIcESaIcEEESt14default_deleteIS5_EEERNSt13tuple_elementIXT_ESt5tupleIJDpT0_EEE4typeERSD_
FN:1809,1810,_ZSt3getILm0EJPNSt7__cxx1112basic_stringIcSt11char_traitsIcESaIcEEESt14default_deleteIS5_EEERKNSt13tuple_elementIXT_ESt5tupleIJDpT0_EEE4typeERKSD_
FN:234,234,_ZNSt10_Head_baseILm0EPNSt7__cxx1112basic_stringIcSt11char_traitsIcESaIcEEELb0EE7_M_headERS7_
FN:234,234,_ZNSt10_Head_baseILm0EPNSt7__cxx1118basic_stringstreamIcSt11char_traitsIcESaIcEEELb0EE7_M_headERS7_
FN:237,237,_ZNSt10_Head_baseILm0EPNSt7__cxx1112basic_stringIcSt11char_traitsIcESaIcEEELb0EE7_M_headERKS7_
FN:269,269,_ZNSt11_Tuple_implILm0EJPNSt7__cxx1112basic_stringIcSt11char_traitsIcESaIcEEESt14default_deleteIS5_EEE7_M_headERS9_
FN:269,269,_ZNSt11_Tuple_implILm0EJPNSt7__cxx1118basic_stringstreamIcSt11char_traitsIcESaIcEEESt14default_deleteIS5_EEE7_M_headERS9_
FN:272,272,_ZNSt11_Tuple_implILm0EJPNSt7__cxx1112basic_stringIcSt11char_traitsIcESaIcEEESt14default_deleteIS5_EEE7_M_headERKS9_
FN:497,497,_ZNSt11_Tuple_implILm1EJSt14default_deleteINSt7__cxx1112basic_stringIcSt11char_traitsIcESaIcEEEEEE7_M_headERS8_
FN:497,497,_ZNSt11_Tuple_implILm1EJSt14default_deleteINSt7__cxx1118basic_stringstreamIcSt11char_traitsIcESaIcEEEEEE7_M_headERS8_
FNDA:0,_ZNSt10_Head_baseILm1ESt14default_deleteINSt7__cxx1112basic_stringIcSt11char_traitsIcESaIcEEEELb1EE7_M_headERS8_
FNDA:0,_ZNSt10_Head_baseILm1ESt14default_deleteINSt7__cxx1118basic_stringstreamIcSt11char_traitsIcESaIcEEEELb1EE7_M_headERS8_
FNDA:13,_ZSt12__get_helperILm0EPNSt7__cxx1112basic_stringIcSt11char_traitsIcESaIcEEEJSt14default_deleteIS5_EEERT0_RSt11_Tuple_implIXT_EJS9_DpT1_EE
FNDA:0,_ZSt12__get_helperILm0EPNSt7__cxx1118basic_stringstreamIcSt11char_traitsIcESaIcEEEJSt14default_deleteIS5_EEERT0_RSt11_Tuple_implIXT_EJS9_DpT1_EE
FNDA:0,_ZSt12__get_helperILm1ESt14default_deleteINSt7__cxx1112basic_stringIcSt11char_traitsIcESaIcEEEEJEERT0_RSt11_Tuple_implIXT_EJS8_DpT1_EE
FNDA:0,_ZSt12__get_helperILm1ESt14default_deleteINSt7__cxx1118basic_stringstreamIcSt11char_traitsIcESaIcEEEEJEERT0_RSt11_Tuple_implIXT_EJS8_DpT1_EE
FNDA:0,_ZSt12__get_helperILm0EPNSt7__cxx1112basic_stringIcSt11char_traitsIcESaIcEEEJSt14default_deleteIS5_EEERKT0_RKSt11_Tuple_implIXT_EJS9_DpT1_EE
FNDA:13,_ZSt3getILm0EJPNSt7__cxx1112basic_stringIcSt11char_traitsIcESaIcEEESt14default_deleteIS5_EEERNSt13tuple_elementIXT_ESt5tupleIJDpT0_EEE4typeERSD_
FNDA:0,_ZSt3getILm0EJPNSt7__cxx1118basic_stringstreamIcSt11char_traitsIcESaIcEEESt14default_deleteIS5_EEERNSt13tuple_elementIXT_ESt5tupleIJDpT0_EEE4typeERSD_
FNDA:0,_ZSt3getILm1EJPNSt7__cxx1112basic_stringIcSt11char_traitsIcESaIcEEESt14default_deleteIS5_EEERNSt13tuple_elementIXT_ESt5tupleIJDpT0_EEE4typeERSD_
FNDA:0,_ZSt3getILm1EJPNSt7__cxx1118basic_stringstreamIcSt11char_traitsIcESaIcEEESt14default_deleteIS5_EEERNSt13tuple_elementIXT_ESt5tupleIJDpT0_EEE4typeERSD_
FNDA:0,_ZSt3getILm0EJPNSt7__cxx1112basic_stringIcSt11char_traitsIcESaIcEEESt14default_deleteIS5_EEERKNSt13tuple_elementIXT_ESt5tupleIJDpT0_EEE4typeERKSD_
FNDA:13,_ZNSt10_Head_baseILm0EPNSt7__cxx1112basic_stringIcSt11char_traitsIcESaIcEEELb0EE7_M_headERS7_
FNDA:0,_ZNSt10_Head_baseILm0EPNSt7__cxx1118basic_stringstreamIcSt11char_traitsIcESaIcEEELb0EE7_M_headERS7_
FNDA:0,_ZNSt10_Head_baseILm0EPNSt7__cxx1112basic_stringIcSt11char_traitsIcESaIcEEELb0EE7_M_headERKS7_
FNDA:13,_ZNSt11_Tuple_implILm0EJPNSt7__cxx1112basic_stringIcSt11char_traitsIcESaIcEEESt14default_deleteIS5_EEE7_M_headERS9_
FNDA:0,_ZNSt11_Tuple_implILm0EJPNSt7__cxx1118basic_stringstreamIcSt11char_traitsIcESaIcEEESt14default_deleteIS5_EEE7_M_headERS9_
FNDA:0,_ZNSt11_Tuple_implILm0EJPNSt7__cxx1112basic_stringIcSt11char_traitsIcESaIcEEESt14default_deleteIS5_EEE7_M_headERKS9_
FNDA:0,_ZNSt11_Tuple_implILm1EJSt14default_deleteINSt7__cxx1112basic_stringIcSt11char_traitsIcESaIcEEEEEE7_M_headERS8_
FNDA:0,_ZNSt11_Tuple_implILm1EJSt14default_deleteINSt7__cxx1118basic_stringstreamIcSt11char_traitsIcESaIcEEEEEE7_M_headERS8_
FNF:20
FNH:4
DA:125,0
DA:234,13
DA:237,0
DA:269,13
DA:272,0
DA:497,0
DA:1787,13
DA:1788,13
DA:1792,0
DA:1793,0
DA:1803,13
DA:1804,13
DA:1809,0
DA:1810,0
LF:14
LH:6
end_of_record
TN:
SF:/usr/include/x86_64-linux-gnu/c++/13/bits/c++config.h
FN:540,551,_ZSt23__is_constant_evaluatedv
FNDA:9,_ZSt23__is_constant_evaluatedv
FNF:1
FNH:1
DA:540,9
DA:547,9
LF:2
LH:2
end_of_record
TN:
SF:/workspaces/Test/src/c_calculator.c
FN:11,22,fizzbuzz
FN:3,5,add_int
FN:7,9,subtract_int
FNDA:8,fizzbuzz
FNDA:1,add_int
FNDA:1,subtract_int
FNF:3
FNH:3
BRDA:12,0,0,2
BRDA:12,0,1,6
BRDA:15,0,0,2
BRDA:15,0,1,4
BRDA:18,0,0,2
BRDA:18,0,1,2
BRF:6
BRH:6
DA:3,1
DA:4,1
DA:7,1
DA:8,1
DA:11,8
DA:12,8
DA:13,2
DA:15,6
DA:16,2
DA:18,4
DA:19,2
DA:21,2
LF:12
LH:12
end_of_record
TN:
SF:/workspaces/Test/src/calculator.cpp
FN:13,15,_ZNK10Calculator8getValueEv
FN:17,19,_ZN10Calculator8setValueEi
FN:3,3,_ZN10CalculatorC2Ev
FN:5,7,_ZN10Calculator3addEii
FN:9,11,_ZN10Calculator8subtractEii
FNDA:1,_ZNK10Calculator8getValueEv
FNDA:1,_ZN10Calculator8setValueEi
FNDA:3,_ZN10CalculatorC2Ev
FNDA:1,_ZN10Calculator3addEii
FNDA:1,_ZN10Calculator8subtractEii
FNF:5
FNH:5
DA:3,3
DA:5,1
DA:6,1
DA:9,1
DA:10,1
DA:13,1
DA:14,1
DA:17,1
DA:18,1
DA:19,1
LF:10
LH:10
end_of_record
TN:
SF:/workspaces/Test/tests/test_c_calculator.cpp
FN:4,4,_ZN34CCalculatorTest_AddTwoNumbers_Test8TestBodyEv
FN:4,4,_ZN34CCalculatorTest_AddTwoNumbers_TestC2Ev
FN:4,4,_ZN34CCalculatorTest_AddTwoNumbers_TestD0Ev
FN:4,4,_ZN34CCalculatorTest_AddTwoNumbers_TestD2Ev
FN:8,8,_ZN39CCalculatorTest_SubtractTwoNumbers_Test8TestBodyEv
FN:8,8,_ZN39CCalculatorTest_SubtractTwoNumbers_TestC2Ev
FN:8,8,_ZN39CCalculatorTest_SubtractTwoNumbers_TestD0Ev
FN:8,8,_ZN39CCalculatorTest_SubtractTwoNumbers_TestD2Ev
FNDA:1,_ZN34CCalculatorTest_AddTwoNumbers_Test8TestBodyEv
FNDA:1,_ZN34CCalculatorTest_AddTwoNumbers_TestC2Ev
FNDA:1,_ZN34CCalculatorTest_AddTwoNumbers_TestD0Ev
FNDA:1,_ZN34CCalculatorTest_AddTwoNumbers_TestD2Ev
FNDA:1,_ZN39CCalculatorTest_SubtractTwoNumbers_Test8TestBodyEv
FNDA:1,_ZN39CCalculatorTest_SubtractTwoNumbers_TestC2Ev
FNDA:1,_ZN39CCalculatorTest_SubtractTwoNumbers_TestD0Ev
FNDA:1,_ZN39CCalculatorTest_SubtractTwoNumbers_TestD2Ev
FNF:8
FNH:8
BRDA:5,0,0,1
BRDA:5,e0,1,0
BRDA:5,0,2,1
BRDA:5,e0,3,0
BRDA:5,0,4,0
BRDA:5,0,5,1
BRDA:5,0,6,0
BRDA:5,e0,7,0
BRDA:5,0,8,0
BRDA:5,e0,9,0
BRDA:5,0,10,0
BRDA:5,e0,11,0
BRDA:9,0,0,1
BRDA:9,e0,1,0
BRDA:9,0,2,1
BRDA:9,e0,3,0
BRDA:9,0,4,0
BRDA:9,0,5,1
BRDA:9,0,6,0
BRDA:9,e0,7,0
BRDA:9,0,8,0
BRDA:9,e0,9,0
BRDA:9,0,10,0
BRDA:9,e0,11,0
BRF:24
BRH:6
DA:4,4
DA:5,1
DA:6,1
DA:8,4
DA:9,1
DA:10,1
LF:6
LH:6
end_of_record
TN:
SF:/workspaces/Test/tests/test_calculator.cpp
FN:14,14,_ZN30CalculatorTest_ValueState_Test8TestBodyEv
FN:14,14,_ZN30CalculatorTest_ValueState_TestC2Ev
FN:14,14,_ZN30CalculatorTest_ValueState_TestD0Ev
FN:14,14,_ZN30CalculatorTest_ValueState_TestD2Ev
FN:4,4,_ZN33CalculatorTest_AddTwoNumbers_Test8TestBodyEv
FN:4,4,_ZN33CalculatorTest_AddTwoNumbers_TestC2Ev
FN:4,4,_ZN33CalculatorTest_AddTwoNumbers_TestD0Ev
FN:4,4,_ZN33CalculatorTest_AddTwoNumbers_TestD2Ev
FN:9,9,_ZN38CalculatorTest_SubtractTwoNumbers_Test8TestBodyEv
FN:9,9,_ZN38CalculatorTest_SubtractTwoNumbers_TestC2Ev
FN:9,9,_ZN38CalculatorTest_SubtractTwoNumbers_TestD0Ev
FN:9,9,_ZN38CalculatorTest_SubtractTwoNumbers_TestD2Ev
FNDA:1,_ZN30CalculatorTest_ValueState_Test8TestBodyEv
FNDA:1,_ZN30CalculatorTest_ValueState_TestC2Ev
FNDA:1,_ZN30CalculatorTest_ValueState_TestD0Ev
FNDA:1,_ZN30CalculatorTest_ValueState_TestD2Ev
FNDA:1,_ZN33CalculatorTest_AddTwoNumbers_Test8TestBodyEv
FNDA:1,_ZN33CalculatorTest_AddTwoNumbers_TestC2Ev
FNDA:1,_ZN33CalculatorTest_AddTwoNumbers_TestD0Ev
FNDA:1,_ZN33CalculatorTest_AddTwoNumbers_TestD2Ev
FNDA:1,_ZN38CalculatorTest_SubtractTwoNumbers_Test8TestBodyEv
FNDA:1,_ZN38CalculatorTest_SubtractTwoNumbers_TestC2Ev
FNDA:1,_ZN38CalculatorTest_SubtractTwoNumbers_TestD0Ev
FNDA:1,_ZN38CalculatorTest_SubtractTwoNumbers_TestD2Ev
FNF:12
FNH:12
BRDA:5,0,0,1
BRDA:5,e0,1,0
BRDA:6,0,0,1
BRDA:6,e0,1,0
BRDA:6,0,2,1
BRDA:6,e0,3,0
BRDA:6,0,4,0
BRDA:6,0,5,1
BRDA:6,0,6,0
BRDA:6,e0,7,0
BRDA:6,0,8,0
BRDA:6,e0,9,0
BRDA:6,0,10,0
BRDA:6,e0,11,0
BRDA:10,0,0,1
BRDA:10,e0,1,0
BRDA:11,0,0,1
BRDA:11,e0,1,0
BRDA:11,0,2,1
BRDA:11,e0,3,0
BRDA:11,0,4,0
BRDA:11,0,5,1
BRDA:11,0,6,0
BRDA:11,e0,7,0
BRDA:11,0,8,0
BRDA:11,e0,9,0
BRDA:11,0,10,0
BRDA:11,e0,11,0
BRDA:15,0,0,1
BRDA:15,e0,1,0
BRDA:16,0,0,1
BRDA:16,e0,1,0
BRDA:17,0,0,1
BRDA:17,e0,1,0
BRDA:17,0,2,1
BRDA:17,e0,3,0
BRDA:17,0,4,0
BRDA:17,0,5,1
BRDA:17,0,6,0
BRDA:17,e0,7,0
BRDA:17,0,8,0
BRDA:17,e0,9,0
BRDA:17,0,10,0
BRDA:17,e0,11,0
BRF:44
BRH:13
DA:4,4
DA:5,1
DA:6,1
DA:7,1
DA:9,4
DA:10,1
DA:11,1
DA:12,1
DA:14,4
DA:15,1
DA:16,1
DA:17,1
DA:18,1
LF:13
LH:13
end_of_record
TN:
SF:/workspaces/Test/tests/test_fizzbuzz.cpp
FN:14,14,_ZN47FizzBuzzTest_ReturnsBuzzForMultiplesOfFive_Test8TestBodyEv
FN:14,14,_ZN47FizzBuzzTest_ReturnsBuzzForMultiplesOfFive_TestC2Ev
FN:14,14,_ZN47FizzBuzzTest_ReturnsBuzzForMultiplesOfFive_TestD0Ev
FN:14,14,_ZN47FizzBuzzTest_ReturnsBuzzForMultiplesOfFive_TestD2Ev
FN:19,19,_ZN54FizzBuzzTest_ReturnsFizzBuzzForMultiplesOfFifteen_Test8TestBodyEv
FN:19,19,_ZN54FizzBuzzTest_ReturnsFizzBuzzForMultiplesOfFifteen_TestC2Ev
FN:19,19,_ZN54FizzBuzzTest_ReturnsFizzBuzzForMultiplesOfFifteen_TestD0Ev
FN:19,19,_ZN54FizzBuzzTest_ReturnsFizzBuzzForMultiplesOfFifteen_TestD2Ev
FN:4,4,_ZN60FizzBuzzTest_ReturnsNumberWhenNotDivisibleByThreeOrFive_Test8TestBodyEv
FN:4,4,_ZN60FizzBuzzTest_ReturnsNumberWhenNotDivisibleByThreeOrFive_TestC2Ev
FN:4,4,_ZN60FizzBuzzTest_ReturnsNumberWhenNotDivisibleByThreeOrFive_TestD0Ev
FN:4,4,_ZN60FizzBuzzTest_ReturnsNumberWhenNotDivisibleByThreeOrFive_TestD2Ev
FN:9,9,_ZN48FizzBuzzTest_ReturnsFizzForMultiplesOfThree_Test8TestBodyEv
FN:9,9,_ZN48FizzBuzzTest_ReturnsFizzForMultiplesOfThree_TestC2Ev
FN:9,9,_ZN48FizzBuzzTest_ReturnsFizzForMultiplesOfThree_TestD0Ev
FN:9,9,_ZN48FizzBuzzTest_ReturnsFizzForMultiplesOfThree_TestD2Ev
FNDA:1,_ZN47FizzBuzzTest_ReturnsBuzzForMultiplesOfFive_Test8TestBodyEv
FNDA:1,_ZN47FizzBuzzTest_ReturnsBuzzForMultiplesOfFive_TestC2Ev
FNDA:1,_ZN47FizzBuzzTest_ReturnsBuzzForMultiplesOfFive_TestD0Ev
FNDA:1,_ZN47FizzBuzzTest_ReturnsBuzzForMultiplesOfFive_TestD2Ev
FNDA:1,_ZN54FizzBuzzTest_ReturnsFizzBuzzForMultiplesOfFifteen_Test8TestBodyEv
FNDA:1,_ZN54FizzBuzzTest_ReturnsFizzBuzzForMultiplesOfFifteen_TestC2Ev
FNDA:1,_ZN54FizzBuzzTest_ReturnsFizzBuzzForMultiplesOfFifteen_TestD0Ev
FNDA:1,_ZN54FizzBuzzTest_ReturnsFizzBuzzForMultiplesOfFifteen_TestD2Ev
FNDA:1,_ZN60FizzBuzzTest_ReturnsNumberWhenNotDivisibleByThreeOrFive_Test8TestBodyEv
FNDA:1,_ZN60FizzBuzzTest_ReturnsNumberWhenNotDivisibleByThreeOrFive_TestC2Ev
FNDA:1,_ZN60FizzBuzzTest_ReturnsNumberWhenNotDivisibleByThreeOrFive_TestD0Ev
FNDA:1,_ZN60FizzBuzzTest_ReturnsNumberWhenNotDivisibleByThreeOrFive_TestD2Ev
FNDA:1,_ZN48FizzBuzzTest_ReturnsFizzForMultiplesOfThree_Test8TestBodyEv
FNDA:1,_ZN48FizzBuzzTest_ReturnsFizzForMultiplesOfThree_TestC2Ev
FNDA:1,_ZN48FizzBuzzTest_ReturnsFizzForMultiplesOfThree_TestD0Ev
FNDA:1,_ZN48FizzBuzzTest_ReturnsFizzForMultiplesOfThree_TestD2Ev
FNF:16
FNH:16
BRDA:5,0,0,1
BRDA:5,e0,1,0
BRDA:5,0,2,1
BRDA:5,e0,3,0
BRDA:5,0,4,0
BRDA:5,0,5,1
BRDA:5,0,6,0
BRDA:5,e0,7,0
BRDA:5,0,8,0
BRDA:5,e0,9,0
BRDA:5,0,10,0
BRDA:5,e0,11,0
BRDA:6,0,0,1
BRDA:6,e0,1,0
BRDA:6,0,2,1
BRDA:6,e0,3,0
BRDA:6,0,4,0
BRDA:6,0,5,1
BRDA:6,0,6,0
BRDA:6,e0,7,0
BRDA:6,0,8,0
BRDA:6,e0,9,0
BRDA:6,0,10,0
BRDA:6,e0,11,0
BRDA:10,0,0,1
BRDA:10,e0,1,0
BRDA:10,0,2,1
BRDA:10,e0,3,0
BRDA:10,0,4,0
BRDA:10,0,5,1
BRDA:10,0,6,0
BRDA:10,e0,7,0
BRDA:10,0,8,0
BRDA:10,e0,9,0
BRDA:10,0,10,0
BRDA:10,e0,11,0
BRDA:11,0,0,1
BRDA:11,e0,1,0
BRDA:11,0,2,1
BRDA:11,e0,3,0
BRDA:11,0,4,0
BRDA:11,0,5,1
BRDA:11,0,6,0
BRDA:11,e0,7,0
BRDA:11,0,8,0
BRDA:11,e0,9,0
BRDA:11,0,10,0
BRDA:11,e0,11,0
BRDA:15,0,0,1
BRDA:15,e0,1,0
BRDA:15,0,2,1
BRDA:15,e0,3,0
BRDA:15,0,4,0
BRDA:15,0,5,1
BRDA:15,0,6,0
BRDA:15,e0,7,0
BRDA:15,0,8,0
BRDA:15,e0,9,0
BRDA:15,0,10,0
BRDA:15,e0,11,0
BRDA:16,0,0,1
BRDA:16,e0,1,0
BRDA:16,0,2,1
BRDA:16,e0,3,0
BRDA:16,0,4,0
BRDA:16,0,5,1
BRDA:16,0,6,0
BRDA:16,e0,7,0
BRDA:16,0,8,0
BRDA:16,e0,9,0
BRDA:16,0,10,0
BRDA:16,e0,11,0
BRDA:20,0,0,1
BRDA:20,e0,1,0
BRDA:20,0,2,1
BRDA:20,e0,3,0
BRDA:20,0,4,0
BRDA:20,0,5,1
BRDA:20,0,6,0
BRDA:20,e0,7,0
BRDA:20,0,8,0
BRDA:20,e0,9,0
BRDA:20,0,10,0
BRDA:20,e0,11,0
BRDA:21,0,0,1
BRDA:21,e0,1,0
BRDA:21,0,2,1
BRDA:21,e0,3,0
BRDA:21,0,4,0
BRDA:21,0,5,1
BRDA:21,0,6,0
BRDA:21,e0,7,0
BRDA:21,0,8,0
BRDA:21,e0,9,0
BRDA:21,0,10,0
BRDA:21,e0,11,0
BRF:96
BRH:24
DA:4,4
DA:5,1
DA:6,1
DA:7,1
DA:9,4
DA:10,1
DA:11,1
DA:12,1
DA:14,4
DA:15,1
DA:16,1
DA:17,1
DA:19,4
DA:20,1
DA:21,1
DA:22,1
LF:16
LH:16
end_of_record
